<?xml version="1.0" encoding="UTF-8"?>
<!-- Generated by org.testng.reporters.JUnitXMLReporter -->
<testsuite ignored="0" hostname="DESKTOP-2I6H5T6" failures="0" tests="1" name="Surefire test" time="0.108" errors="0" timestamp="2026-04-21T15:48:07 IST">
  <testcase classname="testBase.BaseClass" name="@BeforeClass setup" time="-1.776766687025E9">
    <failure type="org.testng.TestNGException" message="
Parameter &amp;apos;os&amp;apos; is required by BeforeClass on method setup but has not been marked @Optional or defined
">
      <![CDATA[org.testng.TestNGException: 
Parameter 'os' is required by BeforeClass on method setup but has not been marked @Optional or defined

at java.base/java.util.ArrayList.forEach(ArrayList.java:1596)
... Removed 27 stack frames]]>
    </failure>
  </testcase> <!-- @BeforeClass setup -->
  <testcase classname="testBase.BaseClass" name="@AfterClass tearDown" time="0.0">
    <skipped/>
  </testcase> <!-- @AfterClass tearDown -->
  <testcase classname="testCase.TC002_LoginTest" name="Login_test" time="0.0">
    <skipped/>
  </testcase> <!-- Login_test -->
</testsuite> <!-- Surefire test -->
