<?xml version="1.0" encoding="UTF-8"?>
<!-- Generated by org.testng.reporters.JUnitXMLReporter -->
<testsuite ignored="0" hostname="DESKTOP-2I6H5T6" failures="0" tests="3" name="Test" time="38.416" errors="0" timestamp="2026-04-22T16:29:27 IST">
  <testcase classname="testCase.T001_AccountRegestration" name="verify_account_registration" time="7.973"/>
  <testcase classname="testCase.TC002_LoginTest" name="Login_test" time="1.803"/>
  <testcase classname="testCase.TC003_LoginDDT" name="verify_loginDDT" time="10.446"/>
</testsuite> <!-- Test -->
