<?xml version="1.0" encoding="UTF-8"?>
<!-- Generated by org.testng.reporters.JUnitXMLReporter -->
<testsuite ignored="0" hostname="DESKTOP-2I6H5T6" failures="0" tests="5" name="Test" time="70.291" errors="0" timestamp="2026-04-27T09:57:59 IST">
  <testcase classname="testCase.TC003_LoginDDT" name="verify_loginDDT" time="10.525"/>
  <testcase classname="testCase.TC003_LoginDDT" name="verify_loginDDT" time="13.966"/>
  <testcase classname="testCase.TC003_LoginDDT" name="verify_loginDDT" time="14.168"/>
  <testcase classname="testCase.TC003_LoginDDT" name="verify_loginDDT" time="14.034"/>
  <testcase classname="testCase.TC003_LoginDDT" name="verify_loginDDT" time="10.199"/>
</testsuite> <!-- Test -->
