<?xml version="1.0" encoding="UTF-8"?>
<!-- Generated by org.testng.reporters.JUnitXMLReporter -->
<testsuite ignored="0" hostname="DESKTOP-2I6H5T6" failures="0" tests="5" name="Test" time="75.697" errors="0" timestamp="2026-04-22T11:11:12 IST">
  <testcase classname="testCase.TC003_LoginDDT" name="verify_loginDDT" time="10.945"/>
  <testcase classname="testCase.TC003_LoginDDT" name="verify_loginDDT" time="14.637"/>
  <testcase classname="testCase.TC003_LoginDDT" name="verify_loginDDT" time="14.591"/>
  <testcase classname="testCase.TC003_LoginDDT" name="verify_loginDDT" time="14.401"/>
  <testcase classname="testCase.TC003_LoginDDT" name="verify_loginDDT" time="11.071"/>
</testsuite> <!-- Test -->
