<?xml version="1.0" encoding="UTF-8"?>
<!-- Generated by org.testng.reporters.JUnitXMLReporter -->
<testsuite ignored="0" hostname="DESKTOP-2I6H5T6" failures="0" tests="7" name="Test" time="93.732" errors="0" timestamp="2026-05-05T16:43:39 IST">
  <testcase classname="testCase.T001_AccountRegestration" name="verify_account_registration" time="8.004"/>
  <testcase classname="testCase.TC002_LoginTest" name="Login_test" time="2.749"/>
  <testcase classname="testCase.TC003_LoginDDT" name="verify_loginDDT" time="11.466"/>
  <testcase classname="testCase.TC003_LoginDDT" name="verify_loginDDT" time="14.37"/>
  <testcase classname="testCase.TC003_LoginDDT" name="verify_loginDDT" time="14.454"/>
  <testcase classname="testCase.TC003_LoginDDT" name="verify_loginDDT" time="14.026"/>
  <testcase classname="testCase.TC003_LoginDDT" name="verify_loginDDT" time="10.727"/>
</testsuite> <!-- Test -->
