<?xml version="1.0" encoding="UTF-8"?>
<!-- Generated by org.testng.reporters.JUnitXMLReporter -->
<testsuite ignored="0" hostname="DESKTOP-2I6H5T6" failures="1" tests="1" name="Test(failed)" time="5.402" errors="0" timestamp="2026-04-20T10:47:34 IST">
  <testcase classname="testCase.T001_AccountRegestration" name="verify_account_registration" time="2.378">
    <failure type="java.lang.AssertionError" message="Test failed: element click intercepted: Element is not clickable at point (297, 773)
  (Session info: chrome=147.0.7727.56)
Build info: version: &amp;apos;4.41.0&amp;apos;, revision: &amp;apos;9fc754f&amp;apos;
System info: os.name: &amp;apos;Windows 11&amp;apos;, os.arch: &amp;apos;amd64&amp;apos;, os.version: &amp;apos;10.0&amp;apos;, java.version: &amp;apos;21.0.10&amp;apos;
Driver info: org.openqa.selenium.chrome.ChromeDriver
Command: [54435bea050d17a5aa9458a5f4d91636, clickElement {id=f.0CBC1498E8CD42D6C75C52CF56E0A315.d.9A642344A3C76A699BAC94DDBD61D1D5.e.99}]
Capabilities {acceptInsecureCerts: false, browserName: chrome, browserVersion: 147.0.7727.56, chrome: {chromedriverVersion: 147.0.7727.57 (b4f28b5637d0..., userDataDir: C:\Users\ELCOT\AppData\Loca...}, fedcm:accounts: true, goog:chromeOptions: {debuggerAddress: localhost:52076}, goog:processID: 1844, networkConnectionEnabled: false, pageLoadStrategy: normal, platformName: windows, proxy: Proxy(), se:cdp: ws://localhost:52076/devtoo..., se:cdpVersion: 147.0.7727.56, setWindowRect: true, strictFileInteractability: false, timeouts: {implicit: 0, pageLoad: 300000, script: 30000}, unhandledPromptBehavior: dismiss and notify, webauthn:extension:credBlob: true, webauthn:extension:largeBlob: true, webauthn:extension:minPinLength: true, webauthn:extension:prf: true, webauthn:virtualAuthenticators: true}
Element: [[ChromeDriver: chrome on windows (54435bea050d17a5aa9458a5f4d91636)] -&amp;gt; xpath: //input[@id=&amp;apos;input-newsletter&amp;apos;]]
Session ID: 54435bea050d17a5aa9458a5f4d91636">
      <![CDATA[java.lang.AssertionError: Test failed: element click intercepted: Element is not clickable at point (297, 773)
  (Session info: chrome=147.0.7727.56)
Build info: version: '4.41.0', revision: '9fc754f'
System info: os.name: 'Windows 11', os.arch: 'amd64', os.version: '10.0', java.version: '21.0.10'
Driver info: org.openqa.selenium.chrome.ChromeDriver
Command: [54435bea050d17a5aa9458a5f4d91636, clickElement {id=f.0CBC1498E8CD42D6C75C52CF56E0A315.d.9A642344A3C76A699BAC94DDBD61D1D5.e.99}]
Capabilities {acceptInsecureCerts: false, browserName: chrome, browserVersion: 147.0.7727.56, chrome: {chromedriverVersion: 147.0.7727.57 (b4f28b5637d0..., userDataDir: C:\Users\ELCOT\AppData\Loca...}, fedcm:accounts: true, goog:chromeOptions: {debuggerAddress: localhost:52076}, goog:processID: 1844, networkConnectionEnabled: false, pageLoadStrategy: normal, platformName: windows, proxy: Proxy(), se:cdp: ws://localhost:52076/devtoo..., se:cdpVersion: 147.0.7727.56, setWindowRect: true, strictFileInteractability: false, timeouts: {implicit: 0, pageLoad: 300000, script: 30000}, unhandledPromptBehavior: dismiss and notify, webauthn:extension:credBlob: true, webauthn:extension:largeBlob: true, webauthn:extension:minPinLength: true, webauthn:extension:prf: true, webauthn:virtualAuthenticators: true}
Element: [[ChromeDriver: chrome on windows (54435bea050d17a5aa9458a5f4d91636)] -> xpath: //input[@id='input-newsletter']]
Session ID: 54435bea050d17a5aa9458a5f4d91636
at testCase.T001_AccountRegestration.verify_account_registration(T001_AccountRegestration.java:53)
at java.base/java.util.ArrayList.forEach(ArrayList.java:1596)
... Removed 26 stack frames]]>
    </failure>
  </testcase> <!-- verify_account_registration -->
</testsuite> <!-- Test(failed) -->
