<?xml version="1.0" encoding="UTF-8"?>
<testng-results ignored="0" total="7" passed="7" failed="0" skipped="0">
  <reporter-output>
  </reporter-output>
  <suite started-at="2026-05-05T16:42:04 IST" name="Suite" finished-at="2026-05-05T16:43:38 IST" duration-ms="93732">
    <groups>
      <group name="Master">
        <method signature="T001_AccountRegestration.verify_account_registration()[pri:0, instance:testCase.T001_AccountRegestration@21337f7b]" name="verify_account_registration" class="testCase.T001_AccountRegestration"/>
        <method signature="TC002_LoginTest.Login_test()[pri:0, instance:testCase.TC002_LoginTest@4ae9cfc1]" name="Login_test" class="testCase.TC002_LoginTest"/>
      </group> <!-- Master -->
      <group name="Sanity">
        <method signature="TC002_LoginTest.Login_test()[pri:0, instance:testCase.TC002_LoginTest@4ae9cfc1]" name="Login_test" class="testCase.TC002_LoginTest"/>
      </group> <!-- Sanity -->
      <group name="Regression">
        <method signature="T001_AccountRegestration.verify_account_registration()[pri:0, instance:testCase.T001_AccountRegestration@21337f7b]" name="verify_account_registration" class="testCase.T001_AccountRegestration"/>
      </group> <!-- Regression -->
      <group name="Datadriven">
        <method signature="TC003_LoginDDT.verify_loginDDT(java.lang.String,java.lang.String,java.lang.String)[pri:0, instance:testCase.TC003_LoginDDT@512baff6]" name="verify_loginDDT" class="testCase.TC003_LoginDDT"/>
      </group> <!-- Datadriven -->
    </groups>
    <test started-at="2026-05-05T16:42:04 IST" name="Test" finished-at="2026-05-05T16:43:38 IST" duration-ms="93732">
      <class name="testCase.TC003_LoginDDT">
        <test-method is-config="true" signature="setup(java.lang.String,java.lang.String)[pri:0, instance:testCase.TC003_LoginDDT@512baff6]" started-at="2026-05-05T16:42:25 IST" name="setup" finished-at="2026-05-05T16:42:29 IST" duration-ms="4527" status="PASS">
          <params>
            <param index="0">
              <value>
                <![CDATA[Windows]]>
              </value>
            </param>
            <param index="1">
              <value>
                <![CDATA[chrome]]>
              </value>
            </param>
          </params>
          <reporter-output>
          </reporter-output>
        </test-method> <!-- setup -->
        <test-method signature="verify_loginDDT(java.lang.String,java.lang.String,java.lang.String)[pri:0, instance:testCase.TC003_LoginDDT@512baff6]" started-at="2026-05-05T16:42:32 IST" name="verify_loginDDT" data-provider="inputData2" finished-at="2026-05-05T16:42:44 IST" duration-ms="11466" status="PASS">
          <params>
            <param index="0">
              <value>
                <![CDATA[vigneshpadi5@gmail.com]]>
              </value>
            </param>
            <param index="1">
              <value>
                <![CDATA[vicky@123]]>
              </value>
            </param>
            <param index="2">
              <value>
                <![CDATA[Valid]]>
              </value>
            </param>
          </params>
          <reporter-output>
          </reporter-output>
        </test-method> <!-- verify_loginDDT -->
        <test-method signature="verify_loginDDT(java.lang.String,java.lang.String,java.lang.String)[pri:0, instance:testCase.TC003_LoginDDT@512baff6]" started-at="2026-05-05T16:42:44 IST" name="verify_loginDDT" data-provider="inputData2" finished-at="2026-05-05T16:42:58 IST" duration-ms="14370" status="PASS">
          <params>
            <param index="0">
              <value>
                <![CDATA[lakshmi@yahoo.com]]>
              </value>
            </param>
            <param index="1">
              <value>
                <![CDATA[Laxmi]]>
              </value>
            </param>
            <param index="2">
              <value>
                <![CDATA[Invalid]]>
              </value>
            </param>
          </params>
          <reporter-output>
          </reporter-output>
        </test-method> <!-- verify_loginDDT -->
        <test-method signature="verify_loginDDT(java.lang.String,java.lang.String,java.lang.String)[pri:0, instance:testCase.TC003_LoginDDT@512baff6]" started-at="2026-05-05T16:42:58 IST" name="verify_loginDDT" data-provider="inputData2" finished-at="2026-05-05T16:43:13 IST" duration-ms="14454" status="PASS">
          <params>
            <param index="0">
              <value>
                <![CDATA[laksh@yahoo.com]]>
              </value>
            </param>
            <param index="1">
              <value>
                <![CDATA[Lakshmi]]>
              </value>
            </param>
            <param index="2">
              <value>
                <![CDATA[Invalid]]>
              </value>
            </param>
          </params>
          <reporter-output>
          </reporter-output>
        </test-method> <!-- verify_loginDDT -->
        <test-method signature="verify_loginDDT(java.lang.String,java.lang.String,java.lang.String)[pri:0, instance:testCase.TC003_LoginDDT@512baff6]" started-at="2026-05-05T16:43:13 IST" name="verify_loginDDT" data-provider="inputData2" finished-at="2026-05-05T16:43:27 IST" duration-ms="14026" status="PASS">
          <params>
            <param index="0">
              <value>
                <![CDATA[laks@yahoo.com]]>
              </value>
            </param>
            <param index="1">
              <value>
                <![CDATA[xyz]]>
              </value>
            </param>
            <param index="2">
              <value>
                <![CDATA[Invalid]]>
              </value>
            </param>
          </params>
          <reporter-output>
          </reporter-output>
        </test-method> <!-- verify_loginDDT -->
        <test-method signature="verify_loginDDT(java.lang.String,java.lang.String,java.lang.String)[pri:0, instance:testCase.TC003_LoginDDT@512baff6]" started-at="2026-05-05T16:43:27 IST" name="verify_loginDDT" data-provider="inputData2" finished-at="2026-05-05T16:43:37 IST" duration-ms="10727" status="PASS">
          <params>
            <param index="0">
              <value>
                <![CDATA[abc123@gmail.com]]>
              </value>
            </param>
            <param index="1">
              <value>
                <![CDATA[test@123]]>
              </value>
            </param>
            <param index="2">
              <value>
                <![CDATA[Valid]]>
              </value>
            </param>
          </params>
          <reporter-output>
          </reporter-output>
        </test-method> <!-- verify_loginDDT -->
        <test-method is-config="true" signature="tearDown()[pri:0, instance:testCase.TC003_LoginDDT@512baff6]" started-at="2026-05-05T16:43:37 IST" name="tearDown" finished-at="2026-05-05T16:43:38 IST" duration-ms="509" status="PASS">
          <reporter-output>
          </reporter-output>
        </test-method> <!-- tearDown -->
      </class> <!-- testCase.TC003_LoginDDT -->
      <class name="testCase.TC002_LoginTest">
        <test-method is-config="true" signature="setup(java.lang.String,java.lang.String)[pri:0, instance:testCase.TC002_LoginTest@4ae9cfc1]" started-at="2026-05-05T16:42:17 IST" name="setup" finished-at="2026-05-05T16:42:21 IST" duration-ms="4262" status="PASS">
          <params>
            <param index="0">
              <value>
                <![CDATA[Windows]]>
              </value>
            </param>
            <param index="1">
              <value>
                <![CDATA[chrome]]>
              </value>
            </param>
          </params>
          <reporter-output>
          </reporter-output>
        </test-method> <!-- setup -->
        <test-method signature="Login_test()[pri:0, instance:testCase.TC002_LoginTest@4ae9cfc1]" started-at="2026-05-05T16:42:21 IST" name="Login_test" finished-at="2026-05-05T16:42:24 IST" duration-ms="2749" status="PASS">
          <reporter-output>
          </reporter-output>
        </test-method> <!-- Login_test -->
        <test-method is-config="true" signature="tearDown()[pri:0, instance:testCase.TC002_LoginTest@4ae9cfc1]" started-at="2026-05-05T16:42:24 IST" name="tearDown" finished-at="2026-05-05T16:42:25 IST" duration-ms="481" status="PASS">
          <reporter-output>
          </reporter-output>
        </test-method> <!-- tearDown -->
      </class> <!-- testCase.TC002_LoginTest -->
      <class name="testCase.T001_AccountRegestration">
        <test-method is-config="true" signature="setup(java.lang.String,java.lang.String)[pri:0, instance:testCase.T001_AccountRegestration@21337f7b]" started-at="2026-05-05T16:42:04 IST" name="setup" finished-at="2026-05-05T16:42:09 IST" duration-ms="4014" status="PASS">
          <params>
            <param index="0">
              <value>
                <![CDATA[Windows]]>
              </value>
            </param>
            <param index="1">
              <value>
                <![CDATA[chrome]]>
              </value>
            </param>
          </params>
          <reporter-output>
          </reporter-output>
        </test-method> <!-- setup -->
        <test-method signature="verify_account_registration()[pri:0, instance:testCase.T001_AccountRegestration@21337f7b]" started-at="2026-05-05T16:42:09 IST" name="verify_account_registration" finished-at="2026-05-05T16:42:17 IST" duration-ms="8004" status="PASS">
          <reporter-output>
          </reporter-output>
        </test-method> <!-- verify_account_registration -->
        <test-method is-config="true" signature="tearDown()[pri:0, instance:testCase.T001_AccountRegestration@21337f7b]" started-at="2026-05-05T16:42:17 IST" name="tearDown" finished-at="2026-05-05T16:42:17 IST" duration-ms="461" status="PASS">
          <reporter-output>
          </reporter-output>
        </test-method> <!-- tearDown -->
      </class> <!-- testCase.T001_AccountRegestration -->
    </test> <!-- Test -->
  </suite> <!-- Suite -->
</testng-results>
