<?xml version="1.0" encoding="UTF-8"?>
<testsuite xmlns:xsi="http://www.w3.org/2001/XMLSchema-instance" xsi:noNamespaceSchemaLocation="https://maven.apache.org/surefire/maven-surefire-plugin/xsd/surefire-test-report.xsd" version="3.0.2" name="TestSuite" time="96.467" tests="7" errors="0" skipped="0" failures="0" flakes="0">
  <properties>
[...]
</properties>
  <testcase name="verify_account_registration" classname="testCase.T001_AccountRegestration" time="8.027">
    <system-err><![CDATA[2026-05-05T11:12:04.192913100Z main INFO Starting configuration XmlConfiguration[location=C:\Users\ELCOT\eclipse-workspace\openCart\target\test-classes\log4j2.xml, lastModified=2026-04-13T06:18:08.375Z]...
2026-05-05T11:12:04.197916900Z main INFO Configuration XmlConfiguration[location=C:\Users\ELCOT\eclipse-workspace\openCart\target\test-classes\log4j2.xml, lastModified=2026-04-13T06:18:08.375Z] started.
2026-05-05T11:12:04.204907700Z main INFO Stopping configuration org.apache.logging.log4j.core.config.DefaultConfiguration@5cee5251...
2026-05-05T11:12:04.205908300Z main INFO Configuration org.apache.logging.log4j.core.config.DefaultConfiguration@5cee5251 stopped.
May 05, 2026 4:42:07 PM org.openqa.selenium.devtools.CdpVersionFinder findNearestMatch
WARNING: Unable to find an exact match for CDP version 147, returning the closest version; found: 145; Please update to a Selenium version that supports CDP version 147
May 05, 2026 4:42:08 PM org.openqa.selenium.devtools.CdpVersionFinder findNearestMatch
WARNING: Unable to find an exact match for CDP version 147, returning the closest version; found: 145; Please update to a Selenium version that supports CDP version 147
]]></system-err>
  </testcase>
  <testcase name="Login_test" classname="testCase.TC002_LoginTest" time="2.75">
    <system-err><![CDATA[May 05, 2026 4:42:18 PM org.openqa.selenium.devtools.CdpVersionFinder findNearestMatch
WARNING: Unable to find an exact match for CDP version 147, returning the closest version; found: 145; Please update to a Selenium version that supports CDP version 147
May 05, 2026 4:42:20 PM org.openqa.selenium.devtools.CdpVersionFinder findNearestMatch
WARNING: Unable to find an exact match for CDP version 147, returning the closest version; found: 145; Please update to a Selenium version that supports CDP version 147
]]></system-err>
  </testcase>
  <testcase name="verify_loginDDT[vigneshpadi5@gmail.com, vicky@123, Valid](1)" classname="testCase.TC003_LoginDDT" time="11.462">
    <system-err><![CDATA[May 05, 2026 4:42:26 PM org.openqa.selenium.devtools.CdpVersionFinder findNearestMatch
WARNING: Unable to find an exact match for CDP version 147, returning the closest version; found: 145; Please update to a Selenium version that supports CDP version 147
May 05, 2026 4:42:28 PM org.openqa.selenium.devtools.CdpVersionFinder findNearestMatch
WARNING: Unable to find an exact match for CDP version 147, returning the closest version; found: 145; Please update to a Selenium version that supports CDP version 147
]]></system-err>
  </testcase>
  <testcase name="verify_loginDDT[lakshmi@yahoo.com, Laxmi, Invalid](2)" classname="testCase.TC003_LoginDDT" time="14.375"/>
  <testcase name="verify_loginDDT[laksh@yahoo.com, Lakshmi, Invalid](3)" classname="testCase.TC003_LoginDDT" time="14.455"/>
  <testcase name="verify_loginDDT[laks@yahoo.com, xyz, Invalid](4)" classname="testCase.TC003_LoginDDT" time="14.026"/>
  <testcase name="verify_loginDDT[abc123@gmail.com, test@123, Valid](5)" classname="testCase.TC003_LoginDDT" time="10.727"/>
</testsuite>