<?xml version="1.0" encoding="UTF-8"?>
<testng-results ignored="0" total="5" passed="5" failed="0" skipped="0">
  <reporter-output>
  </reporter-output>
  <suite started-at="2026-04-22T11:09:55 IST" name="Suite" finished-at="2026-04-22T11:11:11 IST" duration-ms="75697">
    <groups>
      <group name="Datadriven">
        <method signature="TC003_LoginDDT.verify_loginDDT(java.lang.String,java.lang.String,java.lang.String)[pri:0, instance:testCase.TC003_LoginDDT@5c669da8]" name="verify_loginDDT" class="testCase.TC003_LoginDDT"/>
      </group> <!-- Datadriven -->
    </groups>
    <test started-at="2026-04-22T11:09:55 IST" name="Test" finished-at="2026-04-22T11:11:11 IST" duration-ms="75697">
      <class name="testCase.TC003_LoginDDT">
        <test-method is-config="true" signature="setup(java.lang.String,java.lang.String)[pri:0, instance:testCase.TC003_LoginDDT@5c669da8]" started-at="2026-04-22T11:09:55 IST" name="setup" finished-at="2026-04-22T11:10:02 IST" duration-ms="6100" status="PASS">
          <params>
            <param index="0">
              <value>
                <![CDATA[Windows]]>
              </value>
            </param>
            <param index="1">
              <value>
                <![CDATA[chrome]]>
              </value>
            </param>
          </params>
          <reporter-output>
          </reporter-output>
        </test-method> <!-- setup -->
        <test-method signature="verify_loginDDT(java.lang.String,java.lang.String,java.lang.String)[pri:0, instance:testCase.TC003_LoginDDT@5c669da8]" started-at="2026-04-22T11:10:04 IST" name="verify_loginDDT" data-provider="LoginData" finished-at="2026-04-22T11:10:15 IST" duration-ms="10945" status="PASS">
          <params>
            <param index="0">
              <value>
                <![CDATA[vigneshpadi5@gmail.com]]>
              </value>
            </param>
            <param index="1">
              <value>
                <![CDATA[vicky@123]]>
              </value>
            </param>
            <param index="2">
              <value>
                <![CDATA[Valid]]>
              </value>
            </param>
          </params>
          <reporter-output>
          </reporter-output>
        </test-method> <!-- verify_loginDDT -->
        <test-method signature="verify_loginDDT(java.lang.String,java.lang.String,java.lang.String)[pri:0, instance:testCase.TC003_LoginDDT@5c669da8]" started-at="2026-04-22T11:10:15 IST" name="verify_loginDDT" data-provider="LoginData" finished-at="2026-04-22T11:10:30 IST" duration-ms="14637" status="PASS">
          <params>
            <param index="0">
              <value>
                <![CDATA[lakshmi@yahoo.com]]>
              </value>
            </param>
            <param index="1">
              <value>
                <![CDATA[Laxmi]]>
              </value>
            </param>
            <param index="2">
              <value>
                <![CDATA[Invalid]]>
              </value>
            </param>
          </params>
          <reporter-output>
          </reporter-output>
        </test-method> <!-- verify_loginDDT -->
        <test-method signature="verify_loginDDT(java.lang.String,java.lang.String,java.lang.String)[pri:0, instance:testCase.TC003_LoginDDT@5c669da8]" started-at="2026-04-22T11:10:30 IST" name="verify_loginDDT" data-provider="LoginData" finished-at="2026-04-22T11:10:45 IST" duration-ms="14591" status="PASS">
          <params>
            <param index="0">
              <value>
                <![CDATA[laksh@yahoo.com]]>
              </value>
            </param>
            <param index="1">
              <value>
                <![CDATA[Lakshmi]]>
              </value>
            </param>
            <param index="2">
              <value>
                <![CDATA[Invalid]]>
              </value>
            </param>
          </params>
          <reporter-output>
          </reporter-output>
        </test-method> <!-- verify_loginDDT -->
        <test-method signature="verify_loginDDT(java.lang.String,java.lang.String,java.lang.String)[pri:0, instance:testCase.TC003_LoginDDT@5c669da8]" started-at="2026-04-22T11:10:45 IST" name="verify_loginDDT" data-provider="LoginData" finished-at="2026-04-22T11:10:59 IST" duration-ms="14401" status="PASS">
          <params>
            <param index="0">
              <value>
                <![CDATA[laks@yahoo.com]]>
              </value>
            </param>
            <param index="1">
              <value>
                <![CDATA[xyz]]>
              </value>
            </param>
            <param index="2">
              <value>
                <![CDATA[Invalid]]>
              </value>
            </param>
          </params>
          <reporter-output>
          </reporter-output>
        </test-method> <!-- verify_loginDDT -->
        <test-method signature="verify_loginDDT(java.lang.String,java.lang.String,java.lang.String)[pri:0, instance:testCase.TC003_LoginDDT@5c669da8]" started-at="2026-04-22T11:10:59 IST" name="verify_loginDDT" data-provider="LoginData" finished-at="2026-04-22T11:11:10 IST" duration-ms="11071" status="PASS">
          <params>
            <param index="0">
              <value>
                <![CDATA[abc123@gmail.com]]>
              </value>
            </param>
            <param index="1">
              <value>
                <![CDATA[test@123]]>
              </value>
            </param>
            <param index="2">
              <value>
                <![CDATA[Valid]]>
              </value>
            </param>
          </params>
          <reporter-output>
          </reporter-output>
        </test-method> <!-- verify_loginDDT -->
        <test-method is-config="true" signature="tearDown()[pri:0, instance:testCase.TC003_LoginDDT@5c669da8]" started-at="2026-04-22T11:11:10 IST" name="tearDown" finished-at="2026-04-22T11:11:11 IST" duration-ms="682" status="PASS">
          <reporter-output>
          </reporter-output>
        </test-method> <!-- tearDown -->
      </class> <!-- testCase.TC003_LoginDDT -->
    </test> <!-- Test -->
  </suite> <!-- Suite -->
</testng-results>
