<?xml version="1.0" encoding="UTF-8"?>
<testng-results ignored="0" total="5" passed="5" failed="0" skipped="0">
  <reporter-output>
  </reporter-output>
  <suite started-at="2026-05-18T18:03:21 IST" name="Suite" finished-at="2026-05-18T18:04:20 IST" duration-ms="58566">
    <groups>
      <group name="Datadriven">
        <method signature="TC003_LoginDDT.verify_loginDDT(java.lang.String,java.lang.String,java.lang.String)[pri:0, instance:testCase.TC003_LoginDDT@4763c727]" name="verify_loginDDT" class="testCase.TC003_LoginDDT"/>
      </group> <!-- Datadriven -->
    </groups>
    <test started-at="2026-05-18T18:03:21 IST" name="Test" finished-at="2026-05-18T18:04:20 IST" duration-ms="58566">
      <class name="testCase.TC003_LoginDDT">
        <test-method is-config="true" signature="setup(java.lang.String,java.lang.String)[pri:0, instance:testCase.TC003_LoginDDT@4763c727]" started-at="2026-05-18T18:03:22 IST" name="setup" finished-at="2026-05-18T18:03:27 IST" duration-ms="5217" status="PASS">
          <params>
            <param index="0">
              <value>
                <![CDATA[Windows]]>
              </value>
            </param>
            <param index="1">
              <value>
                <![CDATA[chrome]]>
              </value>
            </param>
          </params>
          <reporter-output>
          </reporter-output>
        </test-method> <!-- setup -->
        <test-method signature="verify_loginDDT(java.lang.String,java.lang.String,java.lang.String)[pri:0, instance:testCase.TC003_LoginDDT@4763c727]" started-at="2026-05-18T18:03:29 IST" name="verify_loginDDT" data-provider="LoginData" finished-at="2026-05-18T18:03:37 IST" duration-ms="8117" status="PASS">
          <params>
            <param index="0">
              <value>
                <![CDATA[vigneshpadi5@gmail.com]]>
              </value>
            </param>
            <param index="1">
              <value>
                <![CDATA[vicky@123]]>
              </value>
            </param>
            <param index="2">
              <value>
                <![CDATA[Valid]]>
              </value>
            </param>
          </params>
          <reporter-output>
          </reporter-output>
        </test-method> <!-- verify_loginDDT -->
        <test-method signature="verify_loginDDT(java.lang.String,java.lang.String,java.lang.String)[pri:0, instance:testCase.TC003_LoginDDT@4763c727]" started-at="2026-05-18T18:03:38 IST" name="verify_loginDDT" data-provider="LoginData" finished-at="2026-05-18T18:03:49 IST" duration-ms="11442" status="PASS">
          <params>
            <param index="0">
              <value>
                <![CDATA[lakshmi@yahoo.com]]>
              </value>
            </param>
            <param index="1">
              <value>
                <![CDATA[Laxmi]]>
              </value>
            </param>
            <param index="2">
              <value>
                <![CDATA[Invalid]]>
              </value>
            </param>
          </params>
          <reporter-output>
          </reporter-output>
        </test-method> <!-- verify_loginDDT -->
        <test-method signature="verify_loginDDT(java.lang.String,java.lang.String,java.lang.String)[pri:0, instance:testCase.TC003_LoginDDT@4763c727]" started-at="2026-05-18T18:03:49 IST" name="verify_loginDDT" data-provider="LoginData" finished-at="2026-05-18T18:04:01 IST" duration-ms="11360" status="PASS">
          <params>
            <param index="0">
              <value>
                <![CDATA[laksh@yahoo.com]]>
              </value>
            </param>
            <param index="1">
              <value>
                <![CDATA[Lakshmi]]>
              </value>
            </param>
            <param index="2">
              <value>
                <![CDATA[Invalid]]>
              </value>
            </param>
          </params>
          <reporter-output>
          </reporter-output>
        </test-method> <!-- verify_loginDDT -->
        <test-method signature="verify_loginDDT(java.lang.String,java.lang.String,java.lang.String)[pri:0, instance:testCase.TC003_LoginDDT@4763c727]" started-at="2026-05-18T18:04:01 IST" name="verify_loginDDT" data-provider="LoginData" finished-at="2026-05-18T18:04:12 IST" duration-ms="11220" status="PASS">
          <params>
            <param index="0">
              <value>
                <![CDATA[laks@yahoo.com]]>
              </value>
            </param>
            <param index="1">
              <value>
                <![CDATA[xyz]]>
              </value>
            </param>
            <param index="2">
              <value>
                <![CDATA[Invalid]]>
              </value>
            </param>
          </params>
          <reporter-output>
          </reporter-output>
        </test-method> <!-- verify_loginDDT -->
        <test-method signature="verify_loginDDT(java.lang.String,java.lang.String,java.lang.String)[pri:0, instance:testCase.TC003_LoginDDT@4763c727]" started-at="2026-05-18T18:04:12 IST" name="verify_loginDDT" data-provider="LoginData" finished-at="2026-05-18T18:04:19 IST" duration-ms="7679" status="PASS">
          <params>
            <param index="0">
              <value>
                <![CDATA[abc123@gmail.com]]>
              </value>
            </param>
            <param index="1">
              <value>
                <![CDATA[test@123]]>
              </value>
            </param>
            <param index="2">
              <value>
                <![CDATA[Valid]]>
              </value>
            </param>
          </params>
          <reporter-output>
          </reporter-output>
        </test-method> <!-- verify_loginDDT -->
        <test-method is-config="true" signature="tearDown()[pri:0, instance:testCase.TC003_LoginDDT@4763c727]" started-at="2026-05-18T18:04:20 IST" name="tearDown" finished-at="2026-05-18T18:04:20 IST" duration-ms="498" status="PASS">
          <reporter-output>
          </reporter-output>
        </test-method> <!-- tearDown -->
      </class> <!-- testCase.TC003_LoginDDT -->
    </test> <!-- Test -->
  </suite> <!-- Suite -->
</testng-results>
