<?xml version="1.0" encoding="UTF-8"?>
<!-- Generated by org.testng.reporters.JUnitReportReporter -->
<testsuite hostname="DESKTOP-2I6H5T6" failures="0" tests="5" name="testCase.TC003_LoginDDT" time="64.096" errors="0" timestamp="2026-04-21T13:51:42 IST" skipped="0">
  <testcase classname="testCase.TC003_LoginDDT" name="verify_loginDDT" time="10.644"/>
  <testcase classname="testCase.TC003_LoginDDT" name="verify_loginDDT" time="14.097"/>
  <testcase classname="testCase.TC003_LoginDDT" name="verify_loginDDT" time="14.193"/>
  <testcase classname="testCase.TC003_LoginDDT" name="verify_loginDDT" time="10.490"/>
  <testcase classname="testCase.TC003_LoginDDT" name="verify_loginDDT" time="14.672"/>
</testsuite> <!-- testCase.TC003_LoginDDT -->
