<?xml version="1.0" encoding="UTF-8"?>
<!-- Generated by org.testng.reporters.JUnitReportReporter -->
<testsuite hostname="DESKTOP-2I6H5T6" failures="0" tests="5" name="testCase.TC003_LoginDDT" time="65.645" errors="0" timestamp="2026-04-22T11:11:12 IST" skipped="0">
  <testcase classname="testCase.TC003_LoginDDT" name="verify_loginDDT" time="10.945"/>
  <testcase classname="testCase.TC003_LoginDDT" name="verify_loginDDT" time="11.071"/>
  <testcase classname="testCase.TC003_LoginDDT" name="verify_loginDDT" time="14.591"/>
  <testcase classname="testCase.TC003_LoginDDT" name="verify_loginDDT" time="14.637"/>
  <testcase classname="testCase.TC003_LoginDDT" name="verify_loginDDT" time="14.401"/>
</testsuite> <!-- testCase.TC003_LoginDDT -->
