<?xml version="1.0" encoding="UTF-8"?>
<!-- Generated by org.testng.reporters.JUnitReportReporter -->
<testsuite hostname="DESKTOP-2I6H5T6" failures="0" tests="5" name="testCase.TC003_LoginDDT" time="65.043" errors="0" timestamp="2026-05-05T16:43:39 IST" skipped="0">
  <testcase classname="testCase.TC003_LoginDDT" name="verify_loginDDT" time="14.370"/>
  <testcase classname="testCase.TC003_LoginDDT" name="verify_loginDDT" time="11.466"/>
  <testcase classname="testCase.TC003_LoginDDT" name="verify_loginDDT" time="14.454"/>
  <testcase classname="testCase.TC003_LoginDDT" name="verify_loginDDT" time="14.026"/>
  <testcase classname="testCase.TC003_LoginDDT" name="verify_loginDDT" time="10.727"/>
</testsuite> <!-- testCase.TC003_LoginDDT -->
